# JRE version: OpenJDK Runtime Environment (8.0_112-b06) (build 1.8.0_112-release-b06)
# Java VM: OpenJDK 64-Bit Server VM (25.112-b06 mixed mode linux-amd64 compressed oops)
Heap:
 par new generation   total 78656K, used 4092K [0x00000000b0000000, 0x00000000b5550000, 0x00000000c4cc0000)
  eden space 69952K,   1% used [0x00000000b0000000, 0x00000000b00c76d8, 0x00000000b4450000)
  from space 8704K,  37% used [0x00000000b4450000, 0x00000000b4787b78, 0x00000000b4cd0000)
  to   space 8704K,   0% used [0x00000000b4cd0000, 0x00000000b4cd0000, 0x00000000b5550000)
 concurrent mark-sweep generation total 400468K, used 374482K [0x00000000c4cc0000, 0x00000000dd3d5000, 0x0000000100000000)
 Metaspace       used 189455K, capacity 196848K, committed 197188K, reserved 1218560K
  class space    used 26332K, capacity 27839K, committed 27896K, reserved 1048576K
GC Heap History (10 events):
Event: 689.535 GC heap before
{Heap before GC invocations=95 (full 8):
 par new generation   total 78656K, used 9653K [0x00000000b0000000, 0x00000000b5550000, 0x00000000c4cc0000)
  eden space 69952K,   1% used [0x00000000b0000000, 0x00000000b012fa18, 0x00000000b4450000)
  from space 8704K,  96% used [0x00000000b4cd0000, 0x00000000b550dc78, 0x00000000b5550000)
  to   space 8704K,   0% used [0x00000000b4450000, 0x00000000b4450000, 0x00000000b4cd0000)
 concurrent mark-sweep generation total 400468K, used 341965K [0x00000000c4cc0000, 0x00000000dd3d5000, 0x0000000100000000)
 Metaspace       used 189150K, capacity 196440K, committed 197188K, reserved 1218560K
  class space    used 26309K, capacity 27803K, committed 27896K, reserved 1048576K
Event: 689.552 GC heap after
Heap after GC invocations=96 (full 8):
 par new generation   total 78656K, used 2994K [0x00000000b0000000, 0x00000000b5550000, 0x00000000c4cc0000)
  eden space 69952K,   0% used [0x00000000b0000000, 0x00000000b0000000, 0x00000000b4450000)
  from space 8704K,  34% used [0x00000000b4450000, 0x00000000b473c940, 0x00000000b4cd0000)
  to   space 8704K,   0% used [0x00000000b4cd0000, 0x00000000b4cd0000, 0x00000000b5550000)
 concurrent mark-sweep generation total 400468K, used 348595K [0x00000000c4cc0000, 0x00000000dd3d5000, 0x0000000100000000)
 Metaspace       used 189150K, capacity 196440K, committed 197188K, reserved 1218560K
  class space    used 26309K, capacity 27803K, committed 27896K, reserved 1048576K
}
Event: 690.190 GC heap before
{Heap before GC invocations=96 (full 8):
 par new generation   total 78656K, used 72946K [0x00000000b0000000, 0x00000000b5550000, 0x00000000c4cc0000)
  eden space 69952K, 100% used [0x00000000b0000000, 0x00000000b4450000, 0x00000000b4450000)
  from space 8704K,  34% used [0x00000000b4450000, 0x00000000b473c940, 0x00000000b4cd0000)
  to   space 8704K,   0% used [0x00000000b4cd0000, 0x00000000b4cd0000, 0x00000000b5550000)
 concurrent mark-sweep generation total 400468K, used 348595K [0x00000000c4cc0000, 0x00000000dd3d5000, 0x0000000100000000)
 Metaspace       used 189161K, capacity 196440K, committed 197188K, reserved 1218560K
  class space    used 26309K, capacity 27803K, committed 27896K, reserved 1048576K
Event: 690.241 GC heap after
Heap after GC invocations=97 (full 8):
 par new generation   total 78656K, used 8704K [0x00000000b0000000, 0x00000000b5550000, 0x00000000c4cc0000)
  eden space 69952K,   0% used [0x00000000b0000000, 0x00000000b0000000, 0x00000000b4450000)
  from space 8704K, 100% used [0x00000000b4cd0000, 0x00000000b5550000, 0x00000000b5550000)
  to   space 8704K,   0% used [0x00000000b4450000, 0x00000000b4450000, 0x00000000b4cd0000)
 concurrent mark-sweep generation total 400468K, used 355067K [0x00000000c4cc0000, 0x00000000dd3d5000, 0x0000000100000000)
 Metaspace       used 189161K, capacity 196440K, committed 197188K, reserved 1218560K
  class space    used 26309K, capacity 27803K, committed 27896K, reserved 1048576K
}
Event: 690.742 GC heap before
{Heap before GC invocations=97 (full 8):
 par new generation   total 78656K, used 75529K [0x00000000b0000000, 0x00000000b5550000, 0x00000000c4cc0000)
  eden space 69952K,  95% used [0x00000000b0000000, 0x00000000b41424c0, 0x00000000b4450000)
  from space 8704K, 100% used [0x00000000b4cd0000, 0x00000000b5550000, 0x00000000b5550000)
  to   space 8704K,   0% used [0x00000000b4450000, 0x00000000b4450000, 0x00000000b4cd0000)
 concurrent mark-sweep generation total 400468K, used 355067K [0x00000000c4cc0000, 0x00000000dd3d5000, 0x0000000100000000)
 Metaspace       used 189235K, capacity 196512K, committed 197188K, reserved 1218560K
  class space    used 26310K, capacity 27803K, committed 27896K, reserved 1048576K
Event: 690.773 GC heap after
Heap after GC invocations=98 (full 8):
 par new generation   total 78656K, used 8253K [0x00000000b0000000, 0x00000000b5550000, 0x00000000c4cc0000)
  eden space 69952K,   0% used [0x00000000b0000000, 0x00000000b0000000, 0x00000000b4450000)
  from space 8704K,  94% used [0x00000000b4450000, 0x00000000b4c5f708, 0x00000000b4cd0000)
  to   space 8704K,   0% used [0x00000000b4cd0000, 0x00000000b4cd0000, 0x00000000b5550000)
 concurrent mark-sweep generation total 400468K, used 360850K [0x00000000c4cc0000, 0x00000000dd3d5000, 0x0000000100000000)
 Metaspace       used 189235K, capacity 196512K, committed 197188K, reserved 1218560K
  class space    used 26310K, capacity 27803K, committed 27896K, reserved 1048576K
}
Event: 727.896 GC heap before
{Heap before GC invocations=98 (full 8):
 par new generation   total 78656K, used 78205K [0x00000000b0000000, 0x00000000b5550000, 0x00000000c4cc0000)
  eden space 69952K, 100% used [0x00000000b0000000, 0x00000000b4450000, 0x00000000b4450000)
  from space 8704K,  94% used [0x00000000b4450000, 0x00000000b4c5f708, 0x00000000b4cd0000)
  to   space 8704K,   0% used [0x00000000b4cd0000, 0x00000000b4cd0000, 0x00000000b5550000)
 concurrent mark-sweep generation total 400468K, used 360850K [0x00000000c4cc0000, 0x00000000dd3d5000, 0x0000000100000000)
 Metaspace       used 189296K, capacity 196576K, committed 197188K, reserved 1218560K
  class space    used 26310K, capacity 27803K, committed 27896K, reserved 1048576K
Event: 727.914 GC heap after
Heap after GC invocations=99 (full 8):
 par new generation   total 78656K, used 8704K [0x00000000b0000000, 0x00000000b5550000, 0x00000000c4cc0000)
  eden space 69952K,   0% used [0x00000000b0000000, 0x00000000b0000000, 0x00000000b4450000)
  from space 8704K, 100% used [0x00000000b4cd0000, 0x00000000b5550000, 0x00000000b5550000)
  to   space 8704K,   0% used [0x00000000b4450000, 0x00000000b4450000, 0x00000000b4cd0000)
 concurrent mark-sweep generation total 400468K, used 367686K [0x00000000c4cc0000, 0x00000000dd3d5000, 0x0000000100000000)
 Metaspace       used 189296K, capacity 196576K, committed 197188K, reserved 1218560K
  class space    used 26310K, capacity 27803K, committed 27896K, reserved 1048576K
}
Event: 873.547 GC heap before
{Heap before GC invocations=99 (full 8):
 par new generation   total 78656K, used 78656K [0x00000000b0000000, 0x00000000b5550000, 0x00000000c4cc0000)
  eden space 69952K, 100% used [0x00000000b0000000, 0x00000000b4450000, 0x00000000b4450000)
  from space 8704K, 100% used [0x00000000b4cd0000, 0x00000000b5550000, 0x00000000b5550000)
  to   space 8704K,   0% used [0x00000000b4450000, 0x00000000b4450000, 0x00000000b4cd0000)
 concurrent mark-sweep generation total 400468K, used 367686K [0x00000000c4cc0000, 0x00000000dd3d5000, 0x0000000100000000)
 Metaspace       used 189455K, capacity 196848K, committed 197188K, reserved 1218560K
  class space    used 26332K, capacity 27839K, committed 27896K, reserved 1048576K
Event: 873.560 GC heap after
Heap after GC invocations=100 (full 8):
 par new generation   total 78656K, used 3294K [0x00000000b0000000, 0x00000000b5550000, 0x00000000c4cc0000)
  eden space 69952K,   0% used [0x00000000b0000000, 0x00000000b0000000, 0x00000000b4450000)
  from space 8704K,  37% used [0x00000000b4450000, 0x00000000b4787b78, 0x00000000b4cd0000)
  to   space 8704K,   0% used [0x00000000b4cd0000, 0x00000000b4cd0000, 0x00000000b5550000)
 concurrent mark-sweep generation total 400468K, used 374482K [0x00000000c4cc0000, 0x00000000dd3d5000, 0x0000000100000000)
 Metaspace       used 189455K, capacity 196848K, committed 197188K, reserved 1218560K
  class space    used 26332K, capacity 27839K, committed 27896K, reserved 1048576K
}

